0 info it worked if it ends with ok
1 verbose cli [ '/Users/jsilvestre/.nvm/versions/node/v5.0.0/bin/node',
1 verbose cli   '/Users/jsilvestre/.nvm/versions/node/v5.0.0/bin/npm',
1 verbose cli   'publish' ]
2 info using npm@3.3.6
3 info using node@v5.0.0
4 verbose publish [ '.' ]
5 silly cache add args [ '.', null ]
6 verbose cache add spec .
7 silly cache add parsed spec Result {
7 silly cache add   raw: '.',
7 silly cache add   scope: null,
7 silly cache add   name: null,
7 silly cache add   rawSpec: '.',
7 silly cache add   spec: '/Users/jsilvestre/code/jsxquery-runtime',
7 silly cache add   type: 'directory' }
8 verbose addLocalDirectory /Users/jsilvestre/.npm/jsxquery-runtime/1.0.0/package.tgz not in flight; packing
9 info lifecycle jsxquery-runtime@1.0.0~prepublish: jsxquery-runtime@1.0.0
10 silly lifecycle jsxquery-runtime@1.0.0~prepublish: no script for prepublish, continuing
11 verbose tar pack [ '/Users/jsilvestre/.npm/jsxquery-runtime/1.0.0/package.tgz',
11 verbose tar pack   '/Users/jsilvestre/code/jsxquery-runtime' ]
12 verbose tarball /Users/jsilvestre/.npm/jsxquery-runtime/1.0.0/package.tgz
13 verbose folder /Users/jsilvestre/code/jsxquery-runtime
14 verbose addLocalTarball adding from inside cache /Users/jsilvestre/.npm/jsxquery-runtime/1.0.0/package.tgz
15 silly cache afterAdd jsxquery-runtime@1.0.0
16 verbose afterAdd /Users/jsilvestre/.npm/jsxquery-runtime/1.0.0/package/package.json not in flight; writing
17 verbose afterAdd /Users/jsilvestre/.npm/jsxquery-runtime/1.0.0/package/package.json written
18 silly publish { name: 'jsxquery-runtime',
18 silly publish   version: '1.0.0',
18 silly publish   description: 'Functions needed at runtime to use jsxQuery components\' full functionality',
18 silly publish   main: 'index.js',
18 silly publish   scripts: { test: 'mocha --recursive' },
18 silly publish   author: { name: 'Justin Silvestre' },
18 silly publish   license: 'CC-BY-NC-SA-4.0',
18 silly publish   repository:
18 silly publish    { type: 'git',
18 silly publish      url: 'git+https://github.com/justinsilvestre/jsxquery-runtime.git' },
18 silly publish   dependencies: { 'lodash.escape': '^4.0.0' },
18 silly publish   devDependencies:
18 silly publish    { 'babel-core': '^6.7.6',
18 silly publish      'babel-eslint': '^6.0.3',
18 silly publish      eslint: '^2.8.0',
18 silly publish      'eslint-plugin-babel': '^3.2.0',
18 silly publish      expect: '^1.18.0',
18 silly publish      mocha: '^2.4.5' },
18 silly publish   gitHead: '8717954bdb3e4f6115c5d6eb1bd31dd11e98f2ed',
18 silly publish   bugs: { url: 'https://github.com/justinsilvestre/jsxquery-runtime/issues' },
18 silly publish   readme: 'ERROR: No README data found!',
18 silly publish   homepage: 'https://github.com/justinsilvestre/jsxquery-runtime#readme',
18 silly publish   _id: 'jsxquery-runtime@1.0.0',
18 silly publish   _shasum: '1507affd9dc85c9af3236f3fa66af86f4c47a2d2',
18 silly publish   _from: '.' }
19 verbose getPublishConfig undefined
20 silly mapToRegistry name jsxquery-runtime
21 silly mapToRegistry using default registry
22 silly mapToRegistry registry https://registry.npmjs.org/
23 silly mapToRegistry uri https://registry.npmjs.org/jsxquery-runtime
24 verbose publish registryBase https://registry.npmjs.org/
25 silly publish uploading /Users/jsilvestre/.npm/jsxquery-runtime/1.0.0/package.tgz
26 verbose request uri https://registry.npmjs.org/jsxquery-runtime
27 verbose request sending authorization for write operation
28 info attempt registry request try #1 at 10:26:44 AM
29 verbose request using bearer token for auth
30 verbose request id d016a63d07527fbe
31 http request PUT https://registry.npmjs.org/jsxquery-runtime
32 http 403 https://registry.npmjs.org/jsxquery-runtime
33 verbose headers { 'content-type': 'application/json',
33 verbose headers   'cache-control': 'max-age=300',
33 verbose headers   'content-length': '95',
33 verbose headers   'accept-ranges': 'bytes',
33 verbose headers   date: 'Thu, 21 Apr 2016 15:26:45 GMT',
33 verbose headers   via: '1.1 varnish',
33 verbose headers   connection: 'keep-alive',
33 verbose headers   'x-served-by': 'cache-dfw1840-DFW',
33 verbose headers   'x-cache': 'MISS',
33 verbose headers   'x-cache-hits': '0',
33 verbose headers   'x-timer': 'S1461252404.360105,VS0,VE1026',
33 verbose headers   vary: 'Accept-Encoding' }
34 verbose request invalidating /Users/jsilvestre/.npm/registry.npmjs.org/jsxquery-runtime on PUT
35 error publish Failed PUT 403
36 verbose stack Error: "You cannot publish over the previously published version 1.0.0." : jsxquery-runtime
36 verbose stack     at makeError (/Users/jsilvestre/.nvm/versions/node/v5.0.0/lib/node_modules/npm/node_modules/npm-registry-client/lib/request.js:264:12)
36 verbose stack     at CachingRegistryClient.<anonymous> (/Users/jsilvestre/.nvm/versions/node/v5.0.0/lib/node_modules/npm/node_modules/npm-registry-client/lib/request.js:252:14)
36 verbose stack     at Request._callback (/Users/jsilvestre/.nvm/versions/node/v5.0.0/lib/node_modules/npm/node_modules/npm-registry-client/lib/request.js:172:14)
36 verbose stack     at Request.self.callback (/Users/jsilvestre/.nvm/versions/node/v5.0.0/lib/node_modules/npm/node_modules/request/request.js:198:22)
36 verbose stack     at emitTwo (events.js:87:13)
36 verbose stack     at Request.emit (events.js:172:7)
36 verbose stack     at Request.<anonymous> (/Users/jsilvestre/.nvm/versions/node/v5.0.0/lib/node_modules/npm/node_modules/request/request.js:1063:14)
36 verbose stack     at emitOne (events.js:82:20)
36 verbose stack     at Request.emit (events.js:169:7)
36 verbose stack     at IncomingMessage.<anonymous> (/Users/jsilvestre/.nvm/versions/node/v5.0.0/lib/node_modules/npm/node_modules/request/request.js:1009:12)
37 verbose statusCode 403
38 verbose pkgid jsxquery-runtime
39 verbose cwd /Users/jsilvestre/code/jsxquery-runtime
40 error Darwin 15.3.0
41 error argv "/Users/jsilvestre/.nvm/versions/node/v5.0.0/bin/node" "/Users/jsilvestre/.nvm/versions/node/v5.0.0/bin/npm" "publish"
42 error node v5.0.0
43 error npm  v3.3.6
44 error code E403
45 error "You cannot publish over the previously published version 1.0.0." : jsxquery-runtime
46 error If you need help, you may report this error at:
46 error     <https://github.com/npm/npm/issues>
47 verbose exit [ 1, true ]
